<?xml version="1.0" encoding="UTF-8"?>
<testng-results total="4" passed="4" failed="0" skipped="0">
  <reporter-output>
  </reporter-output>
  <suite started-at="2021-09-04T04:54:57Z" name="Suite" finished-at="2021-09-04T04:55:29Z" duration-ms="31330">
    <groups>
    </groups>
    <test started-at="2021-09-04T04:54:57Z" name="Test" finished-at="2021-09-04T04:55:29Z" duration-ms="31330">
      <class name="seleniumTestNGPriority.Priority_In_testNG">
        <test-method signature="openBrowser()[pri:0, instance:seleniumTestNGPriority.Priority_In_testNG@3e2055d6]" started-at="2021-09-03T21:54:57Z" name="openBrowser" finished-at="2021-09-03T21:55:20Z" duration-ms="22452" status="PASS">
          <reporter-output>
          </reporter-output>
        </test-method> <!-- openBrowser -->
        <test-method signature="launchGoogle()[pri:0, instance:seleniumTestNGPriority.Priority_In_testNG@3e2055d6]" started-at="2021-09-03T21:55:20Z" name="launchGoogle" finished-at="2021-09-03T21:55:23Z" duration-ms="3048" status="PASS">
          <reporter-output>
          </reporter-output>
        </test-method> <!-- launchGoogle -->
        <test-method signature="peformSeachAndClick1stLink()[pri:0, instance:seleniumTestNGPriority.Priority_In_testNG@3e2055d6]" started-at="2021-09-03T21:55:23Z" name="peformSeachAndClick1stLink" finished-at="2021-09-03T21:55:28Z" duration-ms="4650" status="PASS">
          <reporter-output>
          </reporter-output>
        </test-method> <!-- peformSeachAndClick1stLink -->
        <test-method signature="FaceBookPageTitleVerification()[pri:0, instance:seleniumTestNGPriority.Priority_In_testNG@3e2055d6]" started-at="2021-09-03T21:55:28Z" name="FaceBookPageTitleVerification" finished-at="2021-09-03T21:55:29Z" duration-ms="1166" status="PASS">
          <reporter-output>
          </reporter-output>
        </test-method> <!-- FaceBookPageTitleVerification -->
      </class> <!-- seleniumTestNGPriority.Priority_In_testNG -->
    </test> <!-- Test -->
  </suite> <!-- Suite -->
</testng-results>
