<?xml version="1.0" encoding="UTF-8"?>
<testng-results total="4" passed="4" failed="0" skipped="0">
  <reporter-output>
  </reporter-output>
  <suite started-at="2021-09-04T06:45:08Z" name="Suite" finished-at="2021-09-04T06:45:41Z" duration-ms="33428">
    <groups>
    </groups>
    <test started-at="2021-09-04T06:45:08Z" name="Test" finished-at="2021-09-04T06:45:41Z" duration-ms="33428">
      <class name="seleniumTestNGPriority.Priority_In_testNG">
        <test-method signature="openBrowser()[pri:0, instance:seleniumTestNGPriority.Priority_In_testNG@769a1df5]" started-at="2021-09-03T23:45:08Z" name="openBrowser" finished-at="2021-09-03T23:45:31Z" duration-ms="23607" status="PASS">
          <reporter-output>
          </reporter-output>
        </test-method> <!-- openBrowser -->
        <test-method signature="launchGoogle()[pri:0, instance:seleniumTestNGPriority.Priority_In_testNG@769a1df5]" started-at="2021-09-03T23:45:31Z" name="launchGoogle" finished-at="2021-09-03T23:45:33Z" duration-ms="1106" status="PASS">
          <reporter-output>
          </reporter-output>
        </test-method> <!-- launchGoogle -->
        <test-method signature="peformSeachAndClick1stLink()[pri:0, instance:seleniumTestNGPriority.Priority_In_testNG@769a1df5]" started-at="2021-09-03T23:45:33Z" name="peformSeachAndClick1stLink" finished-at="2021-09-03T23:45:37Z" duration-ms="4283" status="PASS">
          <reporter-output>
          </reporter-output>
        </test-method> <!-- peformSeachAndClick1stLink -->
        <test-method signature="FaceBookPageTitleVerification()[pri:0, instance:seleniumTestNGPriority.Priority_In_testNG@769a1df5]" started-at="2021-09-03T23:45:37Z" name="FaceBookPageTitleVerification" finished-at="2021-09-03T23:45:41Z" duration-ms="4410" status="PASS">
          <reporter-output>
          </reporter-output>
        </test-method> <!-- FaceBookPageTitleVerification -->
      </class> <!-- seleniumTestNGPriority.Priority_In_testNG -->
    </test> <!-- Test -->
  </suite> <!-- Suite -->
</testng-results>
