Started by user [8mha:////4FTCqNFiKLpyn30lOIdVm1IpFtll+75UhAowWr8E/lnxAAAAlx+LCAAAAAAAAP9b85aBtbiIQTGjNKU4P08vOT+vOD8nVc83PyU1x6OyILUoJzMv2y+/JJUBAhiZGBgqihhk0NSjKDWzXb3RdlLBUSYGJk8GtpzUvPSSDB8G5tKinBIGIZ+sxLJE/ZzEvHT94JKizLx0a6BxUmjGOUNodHsLgAz2EgZu/dLi1CL9xJTczDwAHhAahcAAAAA=[0mlakshmi
Running in Durability level: MAX_SURVIVABILITY
org.codehaus.groovy.control.MultipleCompilationErrorsException: startup failed:
WorkflowScript: 4: Unknown stage section "echo". Starting with version 0.5, steps in a stage must be in a â€˜stepsâ€™ block. @ line 4, column 9.
           stage ('build'){
           ^

WorkflowScript: 4: Multiple occurrences of the echo section @ line 4, column 9.
           stage ('build'){
           ^

WorkflowScript: 4: Unknown stage section "echo". Starting with version 0.5, steps in a stage must be in a â€˜stepsâ€™ block. @ line 4, column 9.
           stage ('build'){
           ^

WorkflowScript: 11: Undefined section "stage" @ line 11, column 1.
   stage('test'){
   ^

WorkflowScript: 17: Multiple occurrences of the stage section @ line 17, column 1.
   stage('package'){
   ^

WorkflowScript: 17: Undefined section "stage" @ line 17, column 1.
   stage('package'){
   ^

WorkflowScript: 22: Multiple occurrences of the stage section @ line 22, column 5.
       stage('deploy'){
       ^

WorkflowScript: 22: Undefined section "stage" @ line 22, column 5.
       stage('deploy'){
       ^

WorkflowScript: 4: Expected one of "steps", "stages", or "parallel" for stage "build" @ line 4, column 9.
           stage ('build'){
           ^

9 errors

	at org.codehaus.groovy.control.ErrorCollector.failIfErrors(ErrorCollector.java:310)
	at org.codehaus.groovy.control.CompilationUnit.applyToPrimaryClassNodes(CompilationUnit.java:1085)
	at org.codehaus.groovy.control.CompilationUnit.doPhaseOperation(CompilationUnit.java:603)
	at org.codehaus.groovy.control.CompilationUnit.processPhaseOperations(CompilationUnit.java:581)
	at org.codehaus.groovy.control.CompilationUnit.compile(CompilationUnit.java:558)
	at groovy.lang.GroovyClassLoader.doParseClass(GroovyClassLoader.java:298)
	at groovy.lang.GroovyClassLoader.parseClass(GroovyClassLoader.java:268)
	at groovy.lang.GroovyShell.parseClass(GroovyShell.java:688)
	at groovy.lang.GroovyShell.parse(GroovyShell.java:700)
	at org.jenkinsci.plugins.workflow.cps.CpsGroovyShell.doParse(CpsGroovyShell.java:142)
	at org.jenkinsci.plugins.workflow.cps.CpsGroovyShell.reparse(CpsGroovyShell.java:127)
	at org.jenkinsci.plugins.workflow.cps.CpsFlowExecution.parseScript(CpsFlowExecution.java:571)
	at org.jenkinsci.plugins.workflow.cps.CpsFlowExecution.start(CpsFlowExecution.java:523)
	at org.jenkinsci.plugins.workflow.job.WorkflowRun.run(WorkflowRun.java:337)
	at hudson.model.ResourceController.execute(ResourceController.java:100)
	at hudson.model.Executor.run(Executor.java:433)
Finished: FAILURE
