Started by user [8mha:////4FTCqNFiKLpyn30lOIdVm1IpFtll+75UhAowWr8E/lnxAAAAlx+LCAAAAAAAAP9b85aBtbiIQTGjNKU4P08vOT+vOD8nVc83PyU1x6OyILUoJzMv2y+/JJUBAhiZGBgqihhk0NSjKDWzXb3RdlLBUSYGJk8GtpzUvPSSDB8G5tKinBIGIZ+sxLJE/ZzEvHT94JKizLx0a6BxUmjGOUNodHsLgAz2EgZu/dLi1CL9xJTczDwAHhAahcAAAAA=[0mlakshmi
Running as SYSTEM
Building remotely on [8mha:////4OiLuvFyY4C7gX+/755G+tzvkK7uBHhKDgA6xKAk4bdbAAAAnR+LCAAAAAAAAP9b85aBtbiIQTGjNKU4P08vOT+vOD8nVc83PyU1x6OyILUoJzMv2y+/JJUBAhiZGBgqihhk0NSjKDWzXb3RdlLBUSYGJk8GtpzUvPSSDB8G5tKinBIGIZ+sxLJE/ZzEvHT94JKizLx0a6BxUmjGOUNodHsLgAz2EgZB/eT83ILSktQi/fLMvJT88mIALPIANMYAAAA=[0mwindows in workspace C:\Windows\System32\config\systemprofile\AppData\Local\Jenkins\.jenkins\workspace\lakshmi-term-2github-project1
The recommended git tool is: NONE
No credentials specified
 > git rev-parse --resolve-git-dir C:\Windows\System32\config\systemprofile\AppData\Local\Jenkins\.jenkins\workspace\lakshmi-term-2github-project1\.git # timeout=10
Fetching changes from the remote Git repository
 > git config remote.origin.url https://github.com/lakshmi4025/lakshmi-term2-repo.git # timeout=10
Fetching upstream changes from https://github.com/lakshmi4025/lakshmi-term2-repo.git
 > git --version # timeout=10
 > git --version # 'git version 2.32.0.windows.2'
 > git fetch --tags --force --progress -- https://github.com/lakshmi4025/lakshmi-term2-repo.git +refs/heads/*:refs/remotes/origin/* # timeout=10
 > git rev-parse "refs/remotes/origin/master^{commit}" # timeout=10
Checking out Revision 3acee9d96800018c1623137c859f50d20d34c1b4 (refs/remotes/origin/master)
 > git config core.sparsecheckout # timeout=10
 > git checkout -f 3acee9d96800018c1623137c859f50d20d34c1b4 # timeout=10
Commit message: "checkin for java"
 > git rev-list --no-walk 3acee9d96800018c1623137c859f50d20d34c1b4 # timeout=10
[Checks API] No suitable checks publisher found.
[lakshmi-term-2github-project1] $ sh -xe C:\Users\SUREND~1\AppData\Local\Temp\jenkins12275998165544811358.sh
The system cannot find the file specified
FATAL: command execution failed
java.io.IOException: CreateProcess error=2, The system cannot find the file specified
	at java.lang.ProcessImpl.create(Native Method)
	at java.lang.ProcessImpl.<init>(ProcessImpl.java:487)
	at java.lang.ProcessImpl.start(ProcessImpl.java:154)
	at java.lang.ProcessBuilder.start(ProcessBuilder.java:1107)
Also:   hudson.remoting.Channel$CallSiteStackTrace: Remote call to JNLP4-connect connection from 160.238.73.158/160.238.73.158:24875
		at hudson.remoting.Channel.attachCallSiteStackTrace(Channel.java:1795)
		at hudson.remoting.UserRequest$ExceptionResponse.retrieve(UserRequest.java:356)
		at hudson.remoting.Channel.call(Channel.java:1001)
		at hudson.Launcher$RemoteLauncher.launch(Launcher.java:1123)
		at hudson.Launcher$ProcStarter.start(Launcher.java:508)
		at hudson.tasks.CommandInterpreter.perform(CommandInterpreter.java:144)
		at hudson.tasks.CommandInterpreter.perform(CommandInterpreter.java:92)
		at hudson.tasks.BuildStepMonitor$1.perform(BuildStepMonitor.java:21)
		at hudson.model.AbstractBuild$AbstractBuildExecution.perform(AbstractBuild.java:808)
		at hudson.model.Build$BuildExecution.build(Build.java:199)
		at hudson.model.Build$BuildExecution.doRun(Build.java:164)
		at hudson.model.AbstractBuild$AbstractBuildExecution.run(AbstractBuild.java:516)
		at hudson.model.Run.execute(Run.java:1889)
		at hudson.model.FreeStyleBuild.run(FreeStyleBuild.java:43)
		at hudson.model.ResourceController.execute(ResourceController.java:100)
		at hudson.model.Executor.run(Executor.java:433)
Caused: java.io.IOException: Cannot run program "sh" (in directory "C:\Windows\System32\config\systemprofile\AppData\Local\Jenkins\.jenkins\workspace\lakshmi-term-2github-project1"): CreateProcess error=2, The system cannot find the file specified
	at java.lang.ProcessBuilder.start(ProcessBuilder.java:1128)
	at java.lang.ProcessBuilder.start(ProcessBuilder.java:1071)
	at hudson.Proc$LocalProc.<init>(Proc.java:253)
	at hudson.Proc$LocalProc.<init>(Proc.java:222)
	at hudson.Launcher$LocalLauncher.launch(Launcher.java:996)
	at hudson.Launcher$ProcStarter.start(Launcher.java:508)
	at hudson.Launcher$RemoteLaunchCallable.call(Launcher.java:1394)
	at hudson.Launcher$RemoteLaunchCallable.call(Launcher.java:1336)
	at hudson.remoting.UserRequest.perform(UserRequest.java:211)
	at hudson.remoting.UserRequest.perform(UserRequest.java:54)
	at hudson.remoting.Request$2.run(Request.java:376)
	at hudson.remoting.InterceptingExecutorService.lambda$wrap$0(InterceptingExecutorService.java:78)
	at java.util.concurrent.FutureTask.run(FutureTask.java:264)
	at java.util.concurrent.ThreadPoolExecutor.runWorker(ThreadPoolExecutor.java:1128)
	at java.util.concurrent.ThreadPoolExecutor$Worker.run(ThreadPoolExecutor.java:628)
	at hudson.remoting.Engine$1.lambda$newThread$0(Engine.java:122)
	at java.lang.Thread.run(Thread.java:834)
Build step 'Execute shell' marked build as failure
[Checks API] No suitable checks publisher found.
Finished: FAILURE
