Started by user [8mha:////4FTCqNFiKLpyn30lOIdVm1IpFtll+75UhAowWr8E/lnxAAAAlx+LCAAAAAAAAP9b85aBtbiIQTGjNKU4P08vOT+vOD8nVc83PyU1x6OyILUoJzMv2y+/JJUBAhiZGBgqihhk0NSjKDWzXb3RdlLBUSYGJk8GtpzUvPSSDB8G5tKinBIGIZ+sxLJE/ZzEvHT94JKizLx0a6BxUmjGOUNodHsLgAz2EgZu/dLi1CL9xJTczDwAHhAahcAAAAA=[0mlakshmi
Running as SYSTEM
Building remotely on [8mha:////4OiLuvFyY4C7gX+/755G+tzvkK7uBHhKDgA6xKAk4bdbAAAAnR+LCAAAAAAAAP9b85aBtbiIQTGjNKU4P08vOT+vOD8nVc83PyU1x6OyILUoJzMv2y+/JJUBAhiZGBgqihhk0NSjKDWzXb3RdlLBUSYGJk8GtpzUvPSSDB8G5tKinBIGIZ+sxLJE/ZzEvHT94JKizLx0a6BxUmjGOUNodHsLgAz2EgZB/eT83ILSktQi/fLMvJT88mIALPIANMYAAAA=[0mwindows in workspace C:\Windows\System32\config\systemprofile\AppData\Local\Jenkins\.jenkins\workspace\supplier-finance
The recommended git tool is: NONE
No credentials specified
 > git rev-parse --resolve-git-dir C:\Windows\System32\config\systemprofile\AppData\Local\Jenkins\.jenkins\workspace\supplier-finance\.git # timeout=10
Fetching changes from the remote Git repository
 > git config remote.origin.url https://github.com/lakshmi4025/supplier-finance.git # timeout=10
Fetching upstream changes from https://github.com/lakshmi4025/supplier-finance.git
 > git --version # timeout=10
 > git --version # 'git version 2.32.0.windows.2'
 > git fetch --tags --force --progress -- https://github.com/lakshmi4025/supplier-finance.git +refs/heads/*:refs/remotes/origin/* # timeout=10
 > git rev-parse "refs/remotes/origin/main^{commit}" # timeout=10
Checking out Revision 974870916ca0afb1d67a522012086125f2534857 (refs/remotes/origin/main)
 > git config core.sparsecheckout # timeout=10
 > git checkout -f 974870916ca0afb1d67a522012086125f2534857 # timeout=10
Commit message: "version up"
 > git rev-list --no-walk 974870916ca0afb1d67a522012086125f2534857 # timeout=10
[Checks API] No suitable checks publisher found.
[supplier-finance] $ cmd /c call C:\Users\SUREND~1\AppData\Local\Temp\jenkins15779229664260440428.bat

C:\Windows\System32\config\systemprofile\AppData\Local\Jenkins\.jenkins\workspace\supplier-finance>cd capstone-server 

C:\Windows\System32\config\systemprofile\AppData\Local\Jenkins\.jenkins\workspace\supplier-finance\capstone-server>mvn package -Dmaven.test.skip=true 
[INFO] Scanning for projects...
[INFO] 
[INFO] ------------------< com.hcl:supplier-finance-server >-------------------
[INFO] Building supplier-finance-server 1.0.7-SNAPSHOT
[INFO] --------------------------------[ war ]---------------------------------
[INFO] 
[INFO] --- maven-resources-plugin:3.2.0:resources (default-resources) @ supplier-finance-server ---
[INFO] Using 'UTF-8' encoding to copy filtered resources.
[INFO] Using 'UTF-8' encoding to copy filtered properties files.
[INFO] Copying 0 resource
[INFO] Copying 1 resource
[INFO] 
[INFO] --- maven-compiler-plugin:3.8.1:compile (default-compile) @ supplier-finance-server ---
[INFO] Nothing to compile - all classes are up to date
[INFO] 
[INFO] --- maven-resources-plugin:3.2.0:testResources (default-testResources) @ supplier-finance-server ---
[INFO] Not copying test resources
[INFO] 
[INFO] --- maven-compiler-plugin:3.8.1:testCompile (default-testCompile) @ supplier-finance-server ---
[INFO] Not compiling test sources
[INFO] 
[INFO] --- maven-surefire-plugin:2.22.2:test (default-test) @ supplier-finance-server ---
[INFO] Tests are skipped.
[INFO] 
[INFO] --- maven-war-plugin:3.3.1:war (default-war) @ supplier-finance-server ---
[INFO] Packaging webapp
[INFO] Assembling webapp [supplier-finance-server] in [C:\Windows\System32\config\systemprofile\AppData\Local\Jenkins\.jenkins\workspace\supplier-finance\capstone-server\target\supplier-finance-server-1.0.7-SNAPSHOT]
[INFO] Processing war project
[INFO] Building war: C:\Windows\System32\config\systemprofile\AppData\Local\Jenkins\.jenkins\workspace\supplier-finance\capstone-server\target\supplier-finance-server-1.0.7-SNAPSHOT.war
[INFO] 
[INFO] --- spring-boot-maven-plugin:2.4.5:repackage (repackage) @ supplier-finance-server ---
[INFO] Replacing main artifact with repackaged archive
[INFO] ------------------------------------------------------------------------
[INFO] BUILD SUCCESS
[INFO] ------------------------------------------------------------------------
[INFO] Total time:  7.995 s
[INFO] Finished at: 2021-09-03T02:21:12-07:00
[INFO] ------------------------------------------------------------------------
[supplier-finance] $ cmd /c call C:\Users\SUREND~1\AppData\Local\Temp\jenkins4284930566958336273.bat

C:\Windows\System32\config\systemprofile\AppData\Local\Jenkins\.jenkins\workspace\supplier-finance>capstone-client
'capstone-client' is not recognized as an internal or external command,
operable program or batch file.

C:\Windows\System32\config\systemprofile\AppData\Local\Jenkins\.jenkins\workspace\supplier-finance>npm install 
npm ERR! code ENOENT
npm ERR! syscall open
npm ERR! path C:\Windows\System32\config\systemprofile\AppData\Local\Jenkins\.jenkins\workspace\supplier-finance/package.json
npm ERR! errno -4058
npm ERR! enoent ENOENT: no such file or directory, open 'C:\Windows\System32\config\systemprofile\AppData\Local\Jenkins\.jenkins\workspace\supplier-finance\package.json'
npm ERR! enoent This is related to npm not being able to find a file.
npm ERR! enoent 

npm ERR! A complete log of this run can be found in:
npm ERR!     C:\Users\Surendranath\AppData\Local\npm-cache\_logs\2021-09-03T09_21_20_594Z-debug.log
Build step 'Execute Windows batch command' marked build as failure
[Checks API] No suitable checks publisher found.
Finished: FAILURE
