<?xml version="1.0" encoding="UTF-8"?>
<testng-results total="1" passed="1" failed="0" skipped="0">
  <reporter-output>
  </reporter-output>
  <suite started-at="2021-09-03T09:05:06Z" name="Suite" finished-at="2021-09-03T09:05:06Z" duration-ms="129">
    <groups>
    </groups>
    <test started-at="2021-09-03T09:05:06Z" name="Test" finished-at="2021-09-03T09:05:06Z" duration-ms="129">
      <class name="MyTestNG.TestNGClass">
        <test-method is-config="true" signature="test1()[pri:0, instance:MyTestNG.TestNGClass@14008db3]" started-at="2021-09-03T02:05:06Z" name="test1" finished-at="2021-09-03T02:05:06Z" duration-ms="113" status="PASS">
          <reporter-output>
          </reporter-output>
        </test-method> <!-- test1 -->
        <test-method signature="test()[pri:0, instance:MyTestNG.TestNGClass@14008db3]" started-at="2021-09-03T02:05:06Z" name="test" finished-at="2021-09-03T02:05:06Z" duration-ms="1" status="PASS">
          <reporter-output>
          </reporter-output>
        </test-method> <!-- test -->
        <test-method is-config="true" signature="test2()[pri:0, instance:MyTestNG.TestNGClass@14008db3]" started-at="2021-09-03T02:05:06Z" name="test2" finished-at="2021-09-03T02:05:06Z" duration-ms="0" status="PASS">
          <reporter-output>
          </reporter-output>
        </test-method> <!-- test2 -->
      </class> <!-- MyTestNG.TestNGClass -->
    </test> <!-- Test -->
  </suite> <!-- Suite -->
</testng-results>
